[47853][1716234694700][main][info]["Booting Postman 11.1.0, linux-5.15.0-107-generic on x64"]
[47853][1716234694703][main][info]["EventBus~initialize - Success"]
[47853][1716234694705][main][info]["Proxy configuration has not been setup"]
[47853][1716234694705][main][info]["CloudProxyManager~init - Success"]
[47853][1716234694710][main][info]["performShellDataMigration: Starting shell data migration"]
[47853][1716234694710][main][info]["migrateShellData:Starting"]
[47853][1716234694723][main][info]["migrateShellData: Old storage cleaned up"]
[47853][1716234694869][main][info]["migrateShellData: Got data from shell. Writing to storage"]
[47853][1716234694875][main][info]["performShellDataMigration: Migration successful on try count 1"]
[47853][1716234694881][main][info]["UpdateHandler~init - Success"]
[47853][1716234694883][main][info]["LeaderSelection: Initialized successfully"]
[47853][1716234694884][main][info]["VersionDependencyService: Initialized successfully"]
[47853][1716234694895][main][info]["Generated root certificate for linux"]
[47853][1716234694897][main][info]["LinuxAutoUpdater~Cleanup - Initial cleanup successful"]
[47853][1716234694920][main][info]["GPU detected VID 4098 DID 5708 ACTIVE true"]
[47853][1716234694924][main][info]["newAccountRegionPreferenceService~getPreferenceWithFallback - Preference not found in storage."]
[47853][1716234694924][main][info]["newAccountRegionPreferenceService~getToggleMenuTemplate - Using preference:","useUSRegion"]
[47853][1716234694944][main][info]["shellController~init: Success"]
[47853][1716234694948][main][info]["shellMeta~init: Success"]
[47853][1716234694948][main][info]["partitionMigrationService: State of V7 partition:"]
[47853][1716234694949][main][info]["partitionMigrationService: V7 partitions",[]]
[47853][1716234694949][main][info]["partitionMigrationService~rectifyNamespaceOfScratchPadPartition: There is no partition with scratchpad namespace"]
[47853][1716234694949][main][info]["partitionMigrationService~rectifyNamespaceOfScratchPadPartition: There is no transit partition which could have been used for scratchpad"]
[47853][1716234694949][main][info]["partitionMigrationService~init: Success"]
[47853][1716234694956][main][info]["partitionMigrationService~runV8PartitionsIntegrity: Two way migration~ removing the following partitions from v8",[]]
[47853][1716234694962][main][info]["userPartitionService~_rectifyTheActivePartitionOfApplication: Setting the active partition to ",null]
[47853][1716234694975][main][info]["userPartitionService~init: Success"]
[47853][1716234694996][main][info]["userPartitionService: State of v8 partition system:"]
[47853][1716234695002][main][info]["shell~init~getPartitionToLoad: loading scratchpad partition"]
[47853][1716234695058][main][info]["userPartitionService: List of partitions:",[]]
[47853][1716234695059][main][info]["userPartitionService: users global meta:",{}]
[47853][1716234695070][main][info]["proxyCertificateService~ensureRootCAPresence: Deleting and creating new certificates"]
[47853][1716234695102][main][info]["Main:windowManager~newRequesterWindow: Fetch and update runtime config: undefined"]
[47853][1716234697409][main][info]["RuntimeIPCAgent~started: Success"]
[47853][1716234698052][main][info]["Main~scratchpadThemeAction:: action: set, value: dark"]
[47853][1716234698055][main][info]["Main~scratchpadThemeAction:: action: set, value: dark"]
[47853][1716234698056][main][info]["Main~scratchpadThemeAction:: action: set, value: dark"]
[47853][1716234698079][main][info]["UpdateHandler~app-update-events - Received event",{"name":"checkForElectronVersionUpdated","namespace":"appUpdate"}]
[47853][1716234698089][main][info]["windowManager: First requester booted successfully."]
[47853][1716234698090][main][info]["windowManager~restoreWindows: Restoring requester windows"]
[47853][1716234698090][main][info]["Main~AppEvents - Received booted event for process requester.Version undefined UI Version: undefined Desktop Platform Version: 11.1.0"]
[47853][1716234702517][main][info]["WindowManager~closeHandler - Closed Window (id: 2 )"]
[47853][1716234702526][main][info]["Quitting app"]
[62577][1716235512015][main][info]["Booting Postman 11.1.0, linux-5.15.0-107-generic on x64"]
[62577][1716235512018][main][info]["EventBus~initialize - Success"]
[62577][1716235512019][main][info]["Proxy configuration has not been setup"]
[62577][1716235512020][main][info]["CloudProxyManager~init - Success"]
[62577][1716235512036][main][info]["performShellDataMigration: Migration has already been done. Bailing out"]
[62577][1716235512042][main][info]["UpdateHandler~init - Success"]
[62577][1716235512043][main][info]["LeaderSelection: Initialized successfully"]
[62577][1716235512044][main][info]["VersionDependencyService: Initialized successfully"]
[62577][1716235512049][main][info]["LinuxAutoUpdater~Cleanup - Initial cleanup successful"]
[62577][1716235512066][main][info]["GPU detected VID 4098 DID 5708 ACTIVE true"]
[62577][1716235512070][main][info]["newAccountRegionPreferenceService~getPreferenceWithFallback - Preference not found in storage."]
[62577][1716235512070][main][info]["newAccountRegionPreferenceService~getToggleMenuTemplate - Using preference:","useUSRegion"]
[62577][1716235512092][main][info]["shellController~init: Success"]
[62577][1716235512098][main][info]["shellMeta~init: Success"]
[62577][1716235512098][main][info]["partitionMigrationService: State of V7 partition:"]
[62577][1716235512098][main][info]["partitionMigrationService: V7 partitions",[]]
[62577][1716235512099][main][info]["partitionMigrationService~rectifyNamespaceOfScratchPadPartition: There is no partition with scratchpad namespace"]
[62577][1716235512099][main][info]["partitionMigrationService~rectifyNamespaceOfScratchPadPartition: There is no transit partition which could have been used for scratchpad"]
[62577][1716235512099][main][info]["partitionMigrationService~init: Success"]
[62577][1716235512109][main][info]["partitionMigrationService~runV8PartitionsIntegrity: Two way migration~ removing the following partitions from v8",[]]
[62577][1716235512114][main][info]["userPartitionService~_rectifyTheActivePartitionOfApplication: Setting the active partition to ",null]
[62577][1716235512122][main][info]["userPartitionService~init: Success"]
[62577][1716235512137][main][info]["userPartitionService: State of v8 partition system:"]
[62577][1716235512138][main][info]["shell~init~getPartitionToLoad: loading scratchpad partition"]
[62577][1716235512143][main][info]["userPartitionService: List of partitions:",[{"partitionId":"32d76eec-1684-4b3e-aabc-0f230b78598f","namespace":"scratchPad","userId":0,"teamId":0,"isDirty":false}]]
[62577][1716235512143][main][info]["userPartitionService: users global meta:",{}]
[62577][1716235512145][main][info]["Main:windowManager~newRequesterWindow: Fetch and update runtime config: undefined"]
[62577][1716235514720][main][info]["RuntimeIPCAgent~started: Success"]
[62577][1716235514905][main][info]["Main~scratchpadThemeAction:: action: set, value: dark"]
[62577][1716235514908][main][info]["Main~scratchpadThemeAction:: action: set, value: dark"]
[62577][1716235514909][main][info]["Main~scratchpadThemeAction:: action: set, value: dark"]
[62577][1716235514929][main][info]["UpdateHandler~app-update-events - Received event",{"name":"checkForElectronVersionUpdated","namespace":"appUpdate"}]
[62577][1716235514938][main][info]["windowManager: First requester booted successfully."]
[62577][1716235514938][main][info]["windowManager~restoreWindows: Restoring requester windows"]
[62577][1716235514938][main][info]["Main~AppEvents - Received booted event for process requester.Version undefined UI Version: undefined Desktop Platform Version: 11.1.0"]
[62577][1716235547529][main][info]["VersionDependencyService: Resetting UI version as user logged out/switched account"]
[62577][1716235547530][main][info]["Main - model-events~user - (users, add) received"]
[62577][1716235547784][main][info]["AuthHandler~open: Received dom-ready event."]
[62577][1716235547790][main][info]["AuthHandler~open: Received did-finish-load event."]
[62577][1716235547877][main][warn]["AuthHandler~open: Current app is not default protocol client - Falling back to polling mechanism."]
[62577][1716235547879][main][info]["newAccountRegionPreferenceService~getPreferenceWithFallback - Preference not found in storage."]
[62577][1716235547879][main][info]["newAccountRegionPreferenceService~getRegionPreference - Using preference:","useUSRegion"]
[62577][1716235547879][main][info]["AuthHandler~open: new Account region preference:","us"]
[62577][1716235547879][main][info]["AuthHandler~open: get multiLoginToken token."]
[62577][1716235547881][main][info]["AuthHandler~open: Publishing initialize event to auth-window channel."]
[62577][1716235577441][main][info]["Shell~init~loginUser: associating the user ","6782314"," with transit partition"]
[62577][1716235577442][main][info]["userPartitionService~getNewPartitionId: creating a partition with userId and teamId as 0"]
[62577][1716235577500][main][info]["userPartitionService~associateTransitPartition: ",{"partitionId":"4f093241-c3dc-4529-bc5f-37ae8cc703b3","context":{"namespace":"users","userId":"6782314","teamId":"2182519","region":"us"}}]
[62577][1716235577549][main][info]["userPartitionService: State of v8 partition system:"]
[62577][1716235577563][main][info]["userPartitionService: List of partitions:",[{"partitionId":"4f093241-c3dc-4529-bc5f-37ae8cc703b3","namespace":"users","userId":"6782314","teamId":"2182519","lastUpdated":"2024-05-20T20:06:17.500Z"},{"partitionId":"32d76eec-1684-4b3e-aabc-0f230b78598f","namespace":"scratchPad","userId":0,"teamId":0,"isDirty":false}]]
[62577][1716235577564][main][info]["userPartitionService: users global meta:",{}]
[62577][1716235577578][main][info]["Main:windowManager~newRequesterWindow: Fetch and update runtime config: us"]
[62577][1716235581296][main][info]["Main~getRemoteInitPath:: "]
[62577][1716235581971][main][info]["Main - model-events~user - (user, update) received"]
[62577][1716235581972][main][info]["Main~reload: https://desktop.postman.com/?desktopVersion=11.1.0&userId=6782314&teamId=2182519&region=us"]
[62577][1716235582252][main][info]["UpdateHandler~app-update-events - Received event",{"name":"checkForElectronVersionUpdated","namespace":"appUpdate"}]
[62577][1716235582264][main][info]["windowManager: First requester booted successfully."]
[62577][1716235582264][main][info]["windowManager~restoreWindows: Restoring requester windows"]
[62577][1716235582264][main][info]["Main~AppEvents - Received booted event for process requester.Version 11.1.3 UI Version: 11.1.3-ui-240516-1144 Desktop Platform Version: 11.1.0"]
[62577][1716235582406][main][info]["Main~getRemoteInitPath:: "]
[62577][1716235582602][main][info]["INTERCEPTOR CONNECTIVITY: Attempting to start websocket server on port 15611"]
[62577][1716235582723][main][info]["Main~getPlatformLaunchPerfMetrics"]
[62577][1716235585915][main][info]["Main~getRemoteInitPath:: "]
[62577][1716235586355][main][info]["Main - model-events~user - (user, update) received"]
[62577][1716235586659][main][info]["UpdateHandler~app-update-events - Received event",{"name":"checkForElectronVersionUpdated","namespace":"appUpdate"}]
[62577][1716235586676][main][info]["Main~AppEvents - Received booted event for process requester.Version 11.1.3 UI Version: 11.1.3-ui-240516-1144 Desktop Platform Version: 11.1.0"]
[62577][1716235586745][main][info]["Main~getRemoteInitPath:: "]
[62577][1716235586908][main][info]["Main~getPlatformLaunchPerfMetrics"]
[62577][1716235588775][main][info]["Main - model-events~user - (user, bootstrapUser) received"]
[62577][1716235588776][main][info]["model-events~user - bootstrapUser received"]
[62577][1716235588777][main][info]["Main - model-events~user - (user, bootstrapUser) received"]
[62577][1716235588778][main][info]["model-events~user - bootstrapUser received"]
